
WARNING: apt does not have a stable CLI interface. Use with caution in scripts.


WARNING: apt does not have a stable CLI interface. Use with caution in scripts.


WARNING: apt does not have a stable CLI interface. Use with caution in scripts.


WARNING: apt does not have a stable CLI interface. Use with caution in scripts.


WARNING: apt does not have a stable CLI interface. Use with caution in scripts.


WARNING: apt does not have a stable CLI interface. Use with caution in scripts.


WARNING: apt does not have a stable CLI interface. Use with caution in scripts.


WARNING: apt does not have a stable CLI interface. Use with caution in scripts.


WARNING: apt does not have a stable CLI interface. Use with caution in scripts.


WARNING: apt does not have a stable CLI interface. Use with caution in scripts.


WARNING: apt does not have a stable CLI interface. Use with caution in scripts.


WARNING: apt does not have a stable CLI interface. Use with caution in scripts.


WARNING: apt does not have a stable CLI interface. Use with caution in scripts.


WARNING: apt does not have a stable CLI interface. Use with caution in scripts.

===================================================
Ubuntu, Started at: Mon 10 Jun 2024 08:24:43 PM PDT

WARNING: apt does not have a stable CLI interface. Use with caution in scripts.

Ubuntu, Finished at: Mon 10 Jun 2024 08:24:46 PM PDT
===================================================

WARNING: apt does not have a stable CLI interface. Use with caution in scripts.


WARNING: apt does not have a stable CLI interface. Use with caution in scripts.


WARNING: apt does not have a stable CLI interface. Use with caution in scripts.

Started at: Mon 10 Jun 2024 08:31:29 PM PDT

WARNING: apt does not have a stable CLI interface. Use with caution in scripts.

Finished at: Mon 10 Jun 2024 08:31:32 PM PDT
Started at: Mon 10 Jun 2024 10:00:20 PM PDT

WARNING: apt does not have a stable CLI interface. Use with caution in scripts.

Finished at: Mon 10 Jun 2024 10:00:32 PM PDT
